<?xml version="1.0" encoding="UTF-8" ?>
<testsuite tests="1" failures="0" name="kr.ncq.mapper.UserMapperTest" time="0.004" errors="1" skipped="0">
  <properties>
[...]
</properties>
  <testcase classname="kr.ncq.mapper.UserMapperTest" name="loginTest" time="0.004">
    <error type="java.lang.NullPointerException">java.lang.NullPointerException
	at kr.ncq.mapper.UserMapperTest.loginTest(UserMapperTest.java:81)
	at java.base/jdk.internal.reflect.NativeMethodAccessorImpl.invoke0(Native Method)
	at java.base/jdk.internal.reflect.NativeMethodAccessorImpl.invoke(NativeMethodAccessorImpl.java:62)
	at java.base/jdk.internal.reflect.DelegatingMethodAccessorImpl.invoke(DelegatingMethodAccessorImpl.java:43)
	at java.base/java.lang.reflect.Method.invoke(Method.java:566)
	at org.junit.runners.model.FrameworkMethod$1.runReflectiveCall(FrameworkMethod.java:50)
	at org.junit.internal.runners.model.ReflectiveCallable.run(ReflectiveCallable.java:12)
	at org.junit.runners.model.FrameworkMethod.invokeExplosively(FrameworkMethod.java:47)
	at org.junit.internal.runners.statements.InvokeMethod.evaluate(InvokeMethod.java:17)
	at org.springframework.test.context.junit4.statements.RunBeforeTestExecutionCallbacks.evaluate(RunBeforeTestExecutionCallbacks.java:73)
	at org.springframework.test.context.junit4.statements.RunAfterTestExecutionCallbacks.evaluate(RunAfterTestExecutionCallbacks.java:83)
	at org.springframework.test.context.junit4.statements.RunBeforeTestMethodCallbacks.evaluate(RunBeforeTestMethodCallbacks.java:75)
	at org.springframework.test.context.junit4.statements.RunAfterTestMethodCallbacks.evaluate(RunAfterTestMethodCallbacks.java:86)
	at org.springframework.test.context.junit4.statements.SpringRepeat.evaluate(SpringRepeat.java:84)
	at org.junit.runners.ParentRunner.runLeaf(ParentRunner.java:325)
	at org.springframework.test.context.junit4.SpringJUnit4ClassRunner.runChild(SpringJUnit4ClassRunner.java:251)
	at org.springframework.test.context.junit4.SpringJUnit4ClassRunner.runChild(SpringJUnit4ClassRunner.java:97)
	at org.junit.runners.ParentRunner$3.run(ParentRunner.java:290)
	at org.junit.runners.ParentRunner$1.schedule(ParentRunner.java:71)
	at org.junit.runners.ParentRunner.runChildren(ParentRunner.java:288)
	at org.junit.runners.ParentRunner.access$000(ParentRunner.java:58)
	at org.junit.runners.ParentRunner$2.evaluate(ParentRunner.java:268)
	at org.springframework.test.context.junit4.statements.RunBeforeTestClassCallbacks.evaluate(RunBeforeTestClassCallbacks.java:61)
	at org.springframework.test.context.junit4.statements.RunAfterTestClassCallbacks.evaluate(RunAfterTestClassCallbacks.java:70)
	at org.junit.runners.ParentRunner.run(ParentRunner.java:363)
	at org.springframework.test.context.junit4.SpringJUnit4ClassRunner.run(SpringJUnit4ClassRunner.java:190)
	at org.apache.maven.surefire.junit4.JUnit4Provider.execute(JUnit4Provider.java:252)
	at org.apache.maven.surefire.junit4.JUnit4Provider.executeTestSet(JUnit4Provider.java:141)
	at org.apache.maven.surefire.junit4.JUnit4Provider.invoke(JUnit4Provider.java:112)
	at java.base/jdk.internal.reflect.NativeMethodAccessorImpl.invoke0(Native Method)
	at java.base/jdk.internal.reflect.NativeMethodAccessorImpl.invoke(NativeMethodAccessorImpl.java:62)
	at java.base/jdk.internal.reflect.DelegatingMethodAccessorImpl.invoke(DelegatingMethodAccessorImpl.java:43)
	at java.base/java.lang.reflect.Method.invoke(Method.java:566)
	at org.apache.maven.surefire.util.ReflectionUtils.invokeMethodWithArray(ReflectionUtils.java:189)
	at org.apache.maven.surefire.booter.ProviderFactory$ProviderProxy.invoke(ProviderFactory.java:165)
	at org.apache.maven.surefire.booter.ProviderFactory.invokeProvider(ProviderFactory.java:85)
	at org.apache.maven.surefire.booter.ForkedBooter.runSuitesInProcess(ForkedBooter.java:115)
	at org.apache.maven.surefire.booter.ForkedBooter.main(ForkedBooter.java:75)
</error>
    <system-out>INFO : org.springframework.test.context.support.DefaultTestContextBootstrapper - Loaded default TestExecutionListener class names from location [META-INF/spring.factories]: [org.springframework.test.context.web.ServletTestExecutionListener, org.springframework.test.context.support.DirtiesContextBeforeModesTestExecutionListener, org.springframework.test.context.support.DependencyInjectionTestExecutionListener, org.springframework.test.context.support.DirtiesContextTestExecutionListener, org.springframework.test.context.transaction.TransactionalTestExecutionListener, org.springframework.test.context.jdbc.SqlScriptsTestExecutionListener]
INFO : org.springframework.test.context.support.DefaultTestContextBootstrapper - Using TestExecutionListeners: [org.springframework.test.context.web.ServletTestExecutionListener@6b1321b7, org.springframework.test.context.support.DirtiesContextBeforeModesTestExecutionListener@342ee097, org.springframework.test.context.support.DependencyInjectionTestExecutionListener@6ac45c0c, org.springframework.test.context.support.DirtiesContextTestExecutionListener@12192604, org.springframework.test.context.transaction.TransactionalTestExecutionListener@6075b369, org.springframework.test.context.jdbc.SqlScriptsTestExecutionListener@231cdda8]
INFO : jdbc.audit - 11. Connection.getAutoCommit() returned true
INFO : jdbc.audit - 11. PreparedStatement.new PreparedStatement returned 
INFO : jdbc.audit - 11. Connection.prepareStatement(select u.u_id,u_pw,u_name,u_address,auth
        from users_has_auth as a JOIN users as u on a.u_id = u.u_id 
        where u.u_id = ?) returned net.sf.log4jdbc.sql.jdbcapi.PreparedStatementSpy@6d4a82
INFO : jdbc.audit - 11. PreparedStatement.setString(1, &quot;min&quot;) returned 
INFO : jdbc.sqlonly - select u.u_id,u_pw,u_name,u_address,auth
        from users_has_auth as a JOIN users as u on a.u_id = u.u_id 
        where u.u_id = &apos;min&apos;

INFO : jdbc.sqltiming - select u.u_id,u_pw,u_name,u_address,auth
        from users_has_auth as a JOIN users as u on a.u_id = u.u_id 
        where u.u_id = &apos;min&apos;
 {executed in 24 msec}
INFO : jdbc.audit - 11. PreparedStatement.execute() returned true
INFO : jdbc.resultset - 11. ResultSet.new ResultSet returned 
INFO : jdbc.audit - 11. PreparedStatement.getResultSet() returned net.sf.log4jdbc.sql.jdbcapi.ResultSetSpy@14f060b8
INFO : jdbc.resultset - 11. ResultSet.getMetaData() returned org.mariadb.jdbc.MariaDbResultSetMetaData@7a0ab480
INFO : jdbc.resultset - 11. ResultSet.getType() returned 1003
INFO : jdbc.resultsettable - 
|-----|-----|-------|----------|-----|
|u_id |u_pw |u_name |u_address |auth |
|-----|-----|-------|----------|-----|
|-----|-----|-------|----------|-----|

INFO : jdbc.resultset - 11. ResultSet.next() returned false
INFO : jdbc.resultset - 11. ResultSet.close() returned void
INFO : jdbc.audit - 11. Connection.getMetaData() returned org.mariadb.jdbc.MariaDbDatabaseMetaData@79df80a4
INFO : jdbc.audit - 11. PreparedStatement.isClosed() returned false
INFO : jdbc.audit - 11. PreparedStatement.close() returned 
INFO : jdbc.audit - 11. Connection.clearWarnings() returned 
INFO : kr.ncq.mapper.UserMapperTest - 
</system-out>
  </testcase>
</testsuite>